<?xml version="1.0" encoding="UTF-8"?>
<testng-results ignored="0" total="1" passed="1" failed="0" skipped="0">
  <reporter-output>
  </reporter-output>
  <suite started-at="2023-03-26T15:30:05 EDT" name="Default suite" finished-at="2023-03-26T15:30:10 EDT" duration-ms="4642">
    <groups>
    </groups>
    <test started-at="2023-03-26T15:30:05 EDT" name="Default test" finished-at="2023-03-26T15:30:10 EDT" duration-ms="4642">
      <class name="com.testinn.Test_first">
        <test-method is-config="true" signature="set_Up()[pri:0, instance:com.testinn.Test_first@209da20d]" started-at="2023-03-26T15:30:05 EDT" name="set_Up" finished-at="2023-03-26T15:30:08 EDT" duration-ms="2460" status="PASS">
          <reporter-output>
          </reporter-output>
        </test-method> <!-- set_Up -->
        <test-method signature="Search()[pri:0, instance:com.testinn.Test_first@209da20d]" started-at="2023-03-26T15:30:08 EDT" name="Search" finished-at="2023-03-26T15:30:10 EDT" duration-ms="1979" status="PASS">
          <reporter-output>
          </reporter-output>
        </test-method> <!-- Search -->
        <test-method is-config="true" signature="Tear_Down()[pri:0, instance:com.testinn.Test_first@209da20d]" started-at="2023-03-26T15:30:10 EDT" name="Tear_Down" finished-at="2023-03-26T15:30:10 EDT" duration-ms="176" status="PASS">
          <reporter-output>
          </reporter-output>
        </test-method> <!-- Tear_Down -->
      </class> <!-- com.testinn.Test_first -->
    </test> <!-- Default test -->
  </suite> <!-- Default suite -->
</testng-results>
